#
# There is insufficient memory for the Java Runtime Environment to continue.
# Native memory allocation (malloc) failed to allocate 90688 bytes for Chunk::new
# Possible reasons:
#   The system is out of physical RAM or swap space
#   The process is running with CompressedOops enabled, and the Java Heap may be blocking the growth of the native heap
# Possible solutions:
#   Reduce memory load on the system
#   Increase physical memory or swap space
#   Check if swap backing store is full
#   Decrease Java heap size (-Xmx/-Xms)
#   Decrease number of Java threads
#   Decrease Java thread stack sizes (-Xss)
#   Set larger code cache with -XX:ReservedCodeCacheSize=
#   JVM is running with Zero Based Compressed Oops mode in which the Java heap is
#     placed in the first 32GB address space. The Java Heap base address is the
#     maximum limit for the native heap growth. Please use -XX:HeapBaseMinAddress
#     to set the Java Heap base and to place the Java Heap above 32GB virtual address.
# This output file may be truncated or incomplete.
#
#  Out of Memory Error (arena.cpp:168), pid=11168, tid=14848
#
# JRE version: Java(TM) SE Runtime Environment (21.0.9+7) (build 21.0.9+7-LTS-338)
# Java VM: Java HotSpot(TM) 64-Bit Server VM (21.0.9+7-LTS-338, mixed mode, sharing, tiered, compressed oops, compressed class ptrs, g1 gc, windows-amd64)
# No core dump will be written. Minidumps are not enabled by default on client versions of Windows
#

---------------  S U M M A R Y ------------

Command Line: --enable-native-access=ALL-UNNAMED -Dclassworlds.conf=C:\Users\Everton\.m2\wrapper\dists\apache-maven-3.9.11\03d7e36a140982eea48e22c1dcac01d8862b2550b2939e09a0809bbc5182a5bc\bin\m2.conf -Dmaven.home=C:\Users\Everton\.m2\wrapper\dists\apache-maven-3.9.11\03d7e36a140982eea48e22c1dcac01d8862b2550b2939e09a0809bbc5182a5bc -Dlibrary.jansi.path=C:\Users\Everton\.m2\wrapper\dists\apache-maven-3.9.11\03d7e36a140982eea48e22c1dcac01d8862b2550b2939e09a0809bbc5182a5bc\lib\jansi-native -Dmaven.multiModuleProjectDirectory=C:\Users\Everton\IdeaProjects\challenge\code-with-quarkus (1)\code-with-quarkus org.codehaus.plexus.classworlds.launcher.Launcher clean quarkus:dev

Host: Intel(R) Core(TM) i5-9600K CPU @ 3.70GHz, 6 cores, 15G,  Windows 11 , 64 bit Build 26100 (10.0.26100.7019)
Time: Sun Nov 16 07:34:29 2025 Hora oficial do Brasil elapsed time: 13.057039 seconds (0d 0h 0m 13s)

---------------  T H R E A D  ---------------

Current thread (0x0000023b20996810):  JavaThread "C2 CompilerThread0" daemon [_thread_in_native, id=14848, stack(0x0000008608a00000,0x0000008608b00000) (1024K)]


Current CompileTask:
C2:  13057 5126       4       org.apache.maven.repository.internal.ArtifactDescriptorReaderDelegate::populateResult (426 bytes)

Stack: [0x0000008608a00000,0x0000008608b00000]
Native frames: (J=compiled Java code, j=interpreted, Vv=VM code, C=native code)
V  [jvm.dll+0x6cbf89]
V  [jvm.dll+0x858421]
V  [jvm.dll+0x85a94e]
V  [jvm.dll+0x85b023]
V  [jvm.dll+0x27ebc6]
V  [jvm.dll+0xc4f4d]
V  [jvm.dll+0xc5483]
V  [jvm.dll+0x5f6ca4]
V  [jvm.dll+0x2506d2]
V  [jvm.dll+0x24903f]
V  [jvm.dll+0x246b14]
V  [jvm.dll+0x1c7a3e]
V  [jvm.dll+0x256329]
V  [jvm.dll+0x2548ba]
V  [jvm.dll+0x3efdee]
V  [jvm.dll+0x80265b]
V  [jvm.dll+0x6ca66d]
C  [ucrtbase.dll+0x37b0]
C  [KERNEL32.DLL+0x2e8d7]
C  [ntdll.dll+0x8c53c]


---------------  P R O C E S S  ---------------

Threads class SMR info:
_java_thread_list=0x0000023b66f8b4d0, length=13, elements={
0x0000023b02039280, 0x0000023b2098ad90, 0x0000023b2098d800, 0x0000023b20992970,
0x0000023b20995680, 0x0000023b209997c0, 0x0000023b209949e0, 0x0000023b20996810,
0x0000023b209972b0, 0x0000023b66195710, 0x0000023b6619bf60, 0x0000023b670cc140,
0x0000023b68a1b4d0
}

Java Threads: ( => current thread )
  0x0000023b02039280 JavaThread "main"                              [_thread_in_native, id=5568, stack(0x0000008607c00000,0x0000008607d00000) (1024K)]
  0x0000023b2098ad90 JavaThread "Reference Handler"          daemon [_thread_blocked, id=17136, stack(0x0000008608400000,0x0000008608500000) (1024K)]
  0x0000023b2098d800 JavaThread "Finalizer"                  daemon [_thread_blocked, id=12520, stack(0x0000008608500000,0x0000008608600000) (1024K)]
  0x0000023b20992970 JavaThread "Signal Dispatcher"          daemon [_thread_blocked, id=3468, stack(0x0000008608600000,0x0000008608700000) (1024K)]
  0x0000023b20995680 JavaThread "Attach Listener"            daemon [_thread_blocked, id=11580, stack(0x0000008608700000,0x0000008608800000) (1024K)]
  0x0000023b209997c0 JavaThread "Service Thread"             daemon [_thread_blocked, id=7704, stack(0x0000008608800000,0x0000008608900000) (1024K)]
  0x0000023b209949e0 JavaThread "Monitor Deflation Thread"   daemon [_thread_blocked, id=11100, stack(0x0000008608900000,0x0000008608a00000) (1024K)]
=>0x0000023b20996810 JavaThread "C2 CompilerThread0"         daemon [_thread_in_native, id=14848, stack(0x0000008608a00000,0x0000008608b00000) (1024K)]
  0x0000023b209972b0 JavaThread "C1 CompilerThread0"         daemon [_thread_in_vm, id=15600, stack(0x0000008608b00000,0x0000008608c00000) (1024K)]
  0x0000023b66195710 JavaThread "Notification Thread"        daemon [_thread_blocked, id=6160, stack(0x0000008608c00000,0x0000008608d00000) (1024K)]
  0x0000023b6619bf60 JavaThread "Common-Cleaner"             daemon [_thread_blocked, id=14432, stack(0x0000008608d00000,0x0000008608e00000) (1024K)]
  0x0000023b670cc140 JavaThread "Thread-1"                   daemon [_thread_blocked, id=3616, stack(0x0000008608e00000,0x0000008608f00000) (1024K)]
  0x0000023b68a1b4d0 JavaThread "C2 CompilerThread1"         daemon [_thread_in_native, id=7112, stack(0x0000008609400000,0x0000008609500000) (1024K)]
Total: 13

Other Threads:
  0x0000023b20970e30 VMThread "VM Thread"                           [id=13244, stack(0x0000008608300000,0x0000008608400000) (1024K)]
  0x0000023b2095f260 WatcherThread "VM Periodic Task Thread"        [id=13840, stack(0x0000008608200000,0x0000008608300000) (1024K)]
  0x0000023b0209e860 WorkerThread "GC Thread#0"                     [id=15964, stack(0x0000008607d00000,0x0000008607e00000) (1024K)]
  0x0000023b66c66450 WorkerThread "GC Thread#1"                     [id=11256, stack(0x0000008608f00000,0x0000008609000000) (1024K)]
  0x0000023b66c66800 WorkerThread "GC Thread#2"                     [id=14496, stack(0x0000008609000000,0x0000008609100000) (1024K)]
  0x0000023b66c66bb0 WorkerThread "GC Thread#3"                     [id=9336, stack(0x0000008609100000,0x0000008609200000) (1024K)]
  0x0000023b66bc61e0 WorkerThread "GC Thread#4"                     [id=7868, stack(0x0000008609200000,0x0000008609300000) (1024K)]
  0x0000023b66bc6590 WorkerThread "GC Thread#5"                     [id=13696, stack(0x0000008609300000,0x0000008609400000) (1024K)]
  0x0000023b020b04e0 ConcurrentGCThread "G1 Main Marker"            [id=1600, stack(0x0000008607e00000,0x0000008607f00000) (1024K)]
  0x0000023b020b1800 WorkerThread "G1 Conc#0"                       [id=16140, stack(0x0000008607f00000,0x0000008608000000) (1024K)]
  0x0000023b20817ee0 ConcurrentGCThread "G1 Refine#0"               [id=3048, stack(0x0000008608000000,0x0000008608100000) (1024K)]
  0x0000023b20819910 ConcurrentGCThread "G1 Service"                [id=10812, stack(0x0000008608100000,0x0000008608200000) (1024K)]
Total: 12

Threads with active compile tasks:
C2 CompilerThread0    13135 5126       4       org.apache.maven.repository.internal.ArtifactDescriptorReaderDelegate::populateResult (426 bytes)
C1 CompilerThread0    13135 5197       3       org.codehaus.plexus.interpolation.StringSearchInterpolator::interpolate (13 bytes)
C2 CompilerThread1    13135 5131       4       org.eclipse.sisu.inject.LocatedBeans::iterator (9 bytes)
Total: 3

VM state: not at safepoint (normal execution)

VM Mutex/Monitor currently owned by a thread:  ([mutex/lock_event])
[0x00007ffaeb95f970] MethodCompileQueue_lock - owner thread: 0x0000023b209972b0
[0x00007ffaeb960cf0] CodeCache_lock - owner thread: 0x0000023b209972b0
[0x00007ffaeb960e70] Compile_lock - owner thread: 0x0000023b209972b0

Heap address: 0x0000000701e00000, size: 4066 MB, Compressed Oops mode: Zero based, Oop shift amount: 3

CDS archive(s) mapped at: [0x0000023b21000000-0x0000023b21c90000-0x0000023b21c90000), size 13172736, SharedBaseAddress: 0x0000023b21000000, ArchiveRelocationMode: 1.
Compressed class space mapped at: 0x0000023b22000000-0x0000023b62000000, reserved size: 1073741824
Narrow klass base: 0x0000023b21000000, Narrow klass shift: 0, Narrow klass range: 0x100000000

GC Precious Log:
 CardTable entry size: 512
 Card Set container configuration: InlinePtr #cards 4 size 8 Array Of Cards #cards 16 size 48 Howl #buckets 8 coarsen threshold 3686 Howl Bitmap #cards 512 size 80 coarsen threshold 460 Card regions per heap region 1 cards per card region 4096
 CPUs: 6 total, 6 available
 Memory: 16256M
 Large Page Support: Disabled
 NUMA Support: Disabled
 Compressed Oops: Enabled (Zero based)
 Heap Region Size: 2M
 Heap Min Capacity: 8M
 Heap Initial Capacity: 256M
 Heap Max Capacity: 4066M
 Pre-touch: Disabled
 Parallel Workers: 6
 Concurrent Workers: 2
 Concurrent Refinement Workers: 6
 Periodic GC: Disabled

Heap:
 garbage-first heap   total 262144K, used 146725K [0x0000000701e00000, 0x0000000800000000)
  region size 2048K, 71 young (145408K), 6 survivors (12288K)
 Metaspace       used 16915K, committed 17216K, reserved 1114112K
  class space    used 1853K, committed 1984K, reserved 1048576K

Heap Regions: E=young(eden), S=young(survivor), O=old, HS=humongous(starts), HC=humongous(continues), CS=collection set, F=free, TAMS=top-at-mark-start, PB=parsable bottom
|   0|0x0000000701e00000, 0x0000000702000000, 0x0000000702000000|100%| O|  |TAMS 0x0000000701e00000| PB 0x0000000701e00000| Untracked 
|   1|0x0000000702000000, 0x00000007021a1bf0, 0x0000000702200000| 81%| O|  |TAMS 0x0000000702000000| PB 0x0000000702000000| Untracked 
|   2|0x0000000702200000, 0x0000000702200000, 0x0000000702400000|  0%| F|  |TAMS 0x0000000702200000| PB 0x0000000702200000| Untracked 
|   3|0x0000000702400000, 0x0000000702400000, 0x0000000702600000|  0%| F|  |TAMS 0x0000000702400000| PB 0x0000000702400000| Untracked 
|   4|0x0000000702600000, 0x0000000702600000, 0x0000000702800000|  0%| F|  |TAMS 0x0000000702600000| PB 0x0000000702600000| Untracked 
|   5|0x0000000702800000, 0x0000000702800000, 0x0000000702a00000|  0%| F|  |TAMS 0x0000000702800000| PB 0x0000000702800000| Untracked 
|   6|0x0000000702a00000, 0x0000000702a00000, 0x0000000702c00000|  0%| F|  |TAMS 0x0000000702a00000| PB 0x0000000702a00000| Untracked 
|   7|0x0000000702c00000, 0x0000000702c00000, 0x0000000702e00000|  0%| F|  |TAMS 0x0000000702c00000| PB 0x0000000702c00000| Untracked 
|   8|0x0000000702e00000, 0x0000000702e00000, 0x0000000703000000|  0%| F|  |TAMS 0x0000000702e00000| PB 0x0000000702e00000| Untracked 
|   9|0x0000000703000000, 0x0000000703000000, 0x0000000703200000|  0%| F|  |TAMS 0x0000000703000000| PB 0x0000000703000000| Untracked 
|  10|0x0000000703200000, 0x0000000703200000, 0x0000000703400000|  0%| F|  |TAMS 0x0000000703200000| PB 0x0000000703200000| Untracked 
|  11|0x0000000703400000, 0x0000000703400000, 0x0000000703600000|  0%| F|  |TAMS 0x0000000703400000| PB 0x0000000703400000| Untracked 
|  12|0x0000000703600000, 0x0000000703600000, 0x0000000703800000|  0%| F|  |TAMS 0x0000000703600000| PB 0x0000000703600000| Untracked 
|  13|0x0000000703800000, 0x0000000703800000, 0x0000000703a00000|  0%| F|  |TAMS 0x0000000703800000| PB 0x0000000703800000| Untracked 
|  14|0x0000000703a00000, 0x0000000703a00000, 0x0000000703c00000|  0%| F|  |TAMS 0x0000000703a00000| PB 0x0000000703a00000| Untracked 
|  15|0x0000000703c00000, 0x0000000703c00000, 0x0000000703e00000|  0%| F|  |TAMS 0x0000000703c00000| PB 0x0000000703c00000| Untracked 
|  16|0x0000000703e00000, 0x0000000703e00000, 0x0000000704000000|  0%| F|  |TAMS 0x0000000703e00000| PB 0x0000000703e00000| Untracked 
|  17|0x0000000704000000, 0x0000000704000000, 0x0000000704200000|  0%| F|  |TAMS 0x0000000704000000| PB 0x0000000704000000| Untracked 
|  18|0x0000000704200000, 0x0000000704200000, 0x0000000704400000|  0%| F|  |TAMS 0x0000000704200000| PB 0x0000000704200000| Untracked 
|  19|0x0000000704400000, 0x0000000704400000, 0x0000000704600000|  0%| F|  |TAMS 0x0000000704400000| PB 0x0000000704400000| Untracked 
|  20|0x0000000704600000, 0x0000000704600000, 0x0000000704800000|  0%| F|  |TAMS 0x0000000704600000| PB 0x0000000704600000| Untracked 
|  21|0x0000000704800000, 0x0000000704800000, 0x0000000704a00000|  0%| F|  |TAMS 0x0000000704800000| PB 0x0000000704800000| Untracked 
|  22|0x0000000704a00000, 0x0000000704a00000, 0x0000000704c00000|  0%| F|  |TAMS 0x0000000704a00000| PB 0x0000000704a00000| Untracked 
|  23|0x0000000704c00000, 0x0000000704c00000, 0x0000000704e00000|  0%| F|  |TAMS 0x0000000704c00000| PB 0x0000000704c00000| Untracked 
|  24|0x0000000704e00000, 0x0000000704e00000, 0x0000000705000000|  0%| F|  |TAMS 0x0000000704e00000| PB 0x0000000704e00000| Untracked 
|  25|0x0000000705000000, 0x0000000705000000, 0x0000000705200000|  0%| F|  |TAMS 0x0000000705000000| PB 0x0000000705000000| Untracked 
|  26|0x0000000705200000, 0x0000000705200000, 0x0000000705400000|  0%| F|  |TAMS 0x0000000705200000| PB 0x0000000705200000| Untracked 
|  27|0x0000000705400000, 0x0000000705400000, 0x0000000705600000|  0%| F|  |TAMS 0x0000000705400000| PB 0x0000000705400000| Untracked 
|  28|0x0000000705600000, 0x0000000705600000, 0x0000000705800000|  0%| F|  |TAMS 0x0000000705600000| PB 0x0000000705600000| Untracked 
|  29|0x0000000705800000, 0x0000000705800000, 0x0000000705a00000|  0%| F|  |TAMS 0x0000000705800000| PB 0x0000000705800000| Untracked 
|  30|0x0000000705a00000, 0x0000000705a00000, 0x0000000705c00000|  0%| F|  |TAMS 0x0000000705a00000| PB 0x0000000705a00000| Untracked 
|  31|0x0000000705c00000, 0x0000000705c00000, 0x0000000705e00000|  0%| F|  |TAMS 0x0000000705c00000| PB 0x0000000705c00000| Untracked 
|  32|0x0000000705e00000, 0x0000000705e00000, 0x0000000706000000|  0%| F|  |TAMS 0x0000000705e00000| PB 0x0000000705e00000| Untracked 
|  33|0x0000000706000000, 0x0000000706000000, 0x0000000706200000|  0%| F|  |TAMS 0x0000000706000000| PB 0x0000000706000000| Untracked 
|  34|0x0000000706200000, 0x0000000706200000, 0x0000000706400000|  0%| F|  |TAMS 0x0000000706200000| PB 0x0000000706200000| Untracked 
|  35|0x0000000706400000, 0x0000000706400000, 0x0000000706600000|  0%| F|  |TAMS 0x0000000706400000| PB 0x0000000706400000| Untracked 
|  36|0x0000000706600000, 0x0000000706600000, 0x0000000706800000|  0%| F|  |TAMS 0x0000000706600000| PB 0x0000000706600000| Untracked 
|  37|0x0000000706800000, 0x0000000706800000, 0x0000000706a00000|  0%| F|  |TAMS 0x0000000706800000| PB 0x0000000706800000| Untracked 
|  38|0x0000000706a00000, 0x0000000706a00000, 0x0000000706c00000|  0%| F|  |TAMS 0x0000000706a00000| PB 0x0000000706a00000| Untracked 
|  39|0x0000000706c00000, 0x0000000706c00000, 0x0000000706e00000|  0%| F|  |TAMS 0x0000000706c00000| PB 0x0000000706c00000| Untracked 
|  40|0x0000000706e00000, 0x0000000706e00000, 0x0000000707000000|  0%| F|  |TAMS 0x0000000706e00000| PB 0x0000000706e00000| Untracked 
|  41|0x0000000707000000, 0x0000000707000000, 0x0000000707200000|  0%| F|  |TAMS 0x0000000707000000| PB 0x0000000707000000| Untracked 
|  42|0x0000000707200000, 0x0000000707200000, 0x0000000707400000|  0%| F|  |TAMS 0x0000000707200000| PB 0x0000000707200000| Untracked 
|  43|0x0000000707400000, 0x0000000707400000, 0x0000000707600000|  0%| F|  |TAMS 0x0000000707400000| PB 0x0000000707400000| Untracked 
|  44|0x0000000707600000, 0x0000000707600000, 0x0000000707800000|  0%| F|  |TAMS 0x0000000707600000| PB 0x0000000707600000| Untracked 
|  45|0x0000000707800000, 0x0000000707800000, 0x0000000707a00000|  0%| F|  |TAMS 0x0000000707800000| PB 0x0000000707800000| Untracked 
|  46|0x0000000707a00000, 0x0000000707ba7b00, 0x0000000707c00000| 82%| S|CS|TAMS 0x0000000707a00000| PB 0x0000000707a00000| Complete 
|  47|0x0000000707c00000, 0x0000000707e00000, 0x0000000707e00000|100%| S|CS|TAMS 0x0000000707c00000| PB 0x0000000707c00000| Complete 
|  48|0x0000000707e00000, 0x0000000708000000, 0x0000000708000000|100%| S|CS|TAMS 0x0000000707e00000| PB 0x0000000707e00000| Complete 
|  49|0x0000000708000000, 0x0000000708200000, 0x0000000708200000|100%| S|CS|TAMS 0x0000000708000000| PB 0x0000000708000000| Complete 
|  50|0x0000000708200000, 0x0000000708400000, 0x0000000708400000|100%| S|CS|TAMS 0x0000000708200000| PB 0x0000000708200000| Complete 
|  51|0x0000000708400000, 0x0000000708600000, 0x0000000708600000|100%| S|CS|TAMS 0x0000000708400000| PB 0x0000000708400000| Complete 
|  52|0x0000000708600000, 0x0000000708600000, 0x0000000708800000|  0%| F|  |TAMS 0x0000000708600000| PB 0x0000000708600000| Untracked 
|  53|0x0000000708800000, 0x0000000708800000, 0x0000000708a00000|  0%| F|  |TAMS 0x0000000708800000| PB 0x0000000708800000| Untracked 
|  54|0x0000000708a00000, 0x0000000708a00000, 0x0000000708c00000|  0%| F|  |TAMS 0x0000000708a00000| PB 0x0000000708a00000| Untracked 
|  55|0x0000000708c00000, 0x0000000708c00000, 0x0000000708e00000|  0%| F|  |TAMS 0x0000000708c00000| PB 0x0000000708c00000| Untracked 
|  56|0x0000000708e00000, 0x0000000708e00000, 0x0000000709000000|  0%| F|  |TAMS 0x0000000708e00000| PB 0x0000000708e00000| Untracked 
|  57|0x0000000709000000, 0x0000000709000000, 0x0000000709200000|  0%| F|  |TAMS 0x0000000709000000| PB 0x0000000709000000| Untracked 
|  58|0x0000000709200000, 0x0000000709200000, 0x0000000709400000|  0%| F|  |TAMS 0x0000000709200000| PB 0x0000000709200000| Untracked 
|  59|0x0000000709400000, 0x0000000709400000, 0x0000000709600000|  0%| F|  |TAMS 0x0000000709400000| PB 0x0000000709400000| Untracked 
|  60|0x0000000709600000, 0x0000000709600000, 0x0000000709800000|  0%| F|  |TAMS 0x0000000709600000| PB 0x0000000709600000| Untracked 
|  61|0x0000000709800000, 0x0000000709800000, 0x0000000709a00000|  0%| F|  |TAMS 0x0000000709800000| PB 0x0000000709800000| Untracked 
|  62|0x0000000709a00000, 0x0000000709a00000, 0x0000000709c00000|  0%| F|  |TAMS 0x0000000709a00000| PB 0x0000000709a00000| Untracked 
|  63|0x0000000709c00000, 0x0000000709d00000, 0x0000000709e00000| 50%| E|  |TAMS 0x0000000709c00000| PB 0x0000000709c00000| Complete 
|  64|0x0000000709e00000, 0x000000070a000000, 0x000000070a000000|100%| E|CS|TAMS 0x0000000709e00000| PB 0x0000000709e00000| Complete 
|  65|0x000000070a000000, 0x000000070a200000, 0x000000070a200000|100%| E|CS|TAMS 0x000000070a000000| PB 0x000000070a000000| Complete 
|  66|0x000000070a200000, 0x000000070a400000, 0x000000070a400000|100%| E|CS|TAMS 0x000000070a200000| PB 0x000000070a200000| Complete 
|  67|0x000000070a400000, 0x000000070a600000, 0x000000070a600000|100%| E|CS|TAMS 0x000000070a400000| PB 0x000000070a400000| Complete 
|  68|0x000000070a600000, 0x000000070a800000, 0x000000070a800000|100%| E|CS|TAMS 0x000000070a600000| PB 0x000000070a600000| Complete 
|  69|0x000000070a800000, 0x000000070aa00000, 0x000000070aa00000|100%| E|CS|TAMS 0x000000070a800000| PB 0x000000070a800000| Complete 
|  70|0x000000070aa00000, 0x000000070ac00000, 0x000000070ac00000|100%| E|CS|TAMS 0x000000070aa00000| PB 0x000000070aa00000| Complete 
|  71|0x000000070ac00000, 0x000000070ae00000, 0x000000070ae00000|100%| E|CS|TAMS 0x000000070ac00000| PB 0x000000070ac00000| Complete 
|  72|0x000000070ae00000, 0x000000070b000000, 0x000000070b000000|100%| E|CS|TAMS 0x000000070ae00000| PB 0x000000070ae00000| Complete 
|  73|0x000000070b000000, 0x000000070b200000, 0x000000070b200000|100%| E|CS|TAMS 0x000000070b000000| PB 0x000000070b000000| Complete 
|  74|0x000000070b200000, 0x000000070b400000, 0x000000070b400000|100%| E|CS|TAMS 0x000000070b200000| PB 0x000000070b200000| Complete 
|  75|0x000000070b400000, 0x000000070b600000, 0x000000070b600000|100%| E|CS|TAMS 0x000000070b400000| PB 0x000000070b400000| Complete 
|  76|0x000000070b600000, 0x000000070b800000, 0x000000070b800000|100%| E|CS|TAMS 0x000000070b600000| PB 0x000000070b600000| Complete 
|  77|0x000000070b800000, 0x000000070ba00000, 0x000000070ba00000|100%| E|CS|TAMS 0x000000070b800000| PB 0x000000070b800000| Complete 
|  78|0x000000070ba00000, 0x000000070bc00000, 0x000000070bc00000|100%| E|CS|TAMS 0x000000070ba00000| PB 0x000000070ba00000| Complete 
|  79|0x000000070bc00000, 0x000000070be00000, 0x000000070be00000|100%| E|CS|TAMS 0x000000070bc00000| PB 0x000000070bc00000| Complete 
|  80|0x000000070be00000, 0x000000070c000000, 0x000000070c000000|100%| E|CS|TAMS 0x000000070be00000| PB 0x000000070be00000| Complete 
|  81|0x000000070c000000, 0x000000070c200000, 0x000000070c200000|100%| E|CS|TAMS 0x000000070c000000| PB 0x000000070c000000| Complete 
|  82|0x000000070c200000, 0x000000070c400000, 0x000000070c400000|100%| E|CS|TAMS 0x000000070c200000| PB 0x000000070c200000| Complete 
|  83|0x000000070c400000, 0x000000070c600000, 0x000000070c600000|100%| E|CS|TAMS 0x000000070c400000| PB 0x000000070c400000| Complete 
|  84|0x000000070c600000, 0x000000070c800000, 0x000000070c800000|100%| E|CS|TAMS 0x000000070c600000| PB 0x000000070c600000| Complete 
|  85|0x000000070c800000, 0x000000070ca00000, 0x000000070ca00000|100%| E|CS|TAMS 0x000000070c800000| PB 0x000000070c800000| Complete 
|  86|0x000000070ca00000, 0x000000070cc00000, 0x000000070cc00000|100%| E|CS|TAMS 0x000000070ca00000| PB 0x000000070ca00000| Complete 
|  87|0x000000070cc00000, 0x000000070ce00000, 0x000000070ce00000|100%| E|CS|TAMS 0x000000070cc00000| PB 0x000000070cc00000| Complete 
|  88|0x000000070ce00000, 0x000000070d000000, 0x000000070d000000|100%| E|CS|TAMS 0x000000070ce00000| PB 0x000000070ce00000| Complete 
|  89|0x000000070d000000, 0x000000070d200000, 0x000000070d200000|100%| E|CS|TAMS 0x000000070d000000| PB 0x000000070d000000| Complete 
|  90|0x000000070d200000, 0x000000070d400000, 0x000000070d400000|100%| E|CS|TAMS 0x000000070d200000| PB 0x000000070d200000| Complete 
|  91|0x000000070d400000, 0x000000070d600000, 0x000000070d600000|100%| E|CS|TAMS 0x000000070d400000| PB 0x000000070d400000| Complete 
|  92|0x000000070d600000, 0x000000070d800000, 0x000000070d800000|100%| E|CS|TAMS 0x000000070d600000| PB 0x000000070d600000| Complete 
|  93|0x000000070d800000, 0x000000070da00000, 0x000000070da00000|100%| E|CS|TAMS 0x000000070d800000| PB 0x000000070d800000| Complete 
|  94|0x000000070da00000, 0x000000070dc00000, 0x000000070dc00000|100%| E|CS|TAMS 0x000000070da00000| PB 0x000000070da00000| Complete 
|  95|0x000000070dc00000, 0x000000070de00000, 0x000000070de00000|100%| E|CS|TAMS 0x000000070dc00000| PB 0x000000070dc00000| Complete 
|  96|0x000000070de00000, 0x000000070e000000, 0x000000070e000000|100%| E|CS|TAMS 0x000000070de00000| PB 0x000000070de00000| Complete 
|  97|0x000000070e000000, 0x000000070e200000, 0x000000070e200000|100%| E|CS|TAMS 0x000000070e000000| PB 0x000000070e000000| Complete 
|  98|0x000000070e200000, 0x000000070e400000, 0x000000070e400000|100%| E|CS|TAMS 0x000000070e200000| PB 0x000000070e200000| Complete 
|  99|0x000000070e400000, 0x000000070e600000, 0x000000070e600000|100%| E|CS|TAMS 0x000000070e400000| PB 0x000000070e400000| Complete 
| 100|0x000000070e600000, 0x000000070e800000, 0x000000070e800000|100%| E|CS|TAMS 0x000000070e600000| PB 0x000000070e600000| Complete 
| 101|0x000000070e800000, 0x000000070ea00000, 0x000000070ea00000|100%| E|CS|TAMS 0x000000070e800000| PB 0x000000070e800000| Complete 
| 102|0x000000070ea00000, 0x000000070ec00000, 0x000000070ec00000|100%| E|CS|TAMS 0x000000070ea00000| PB 0x000000070ea00000| Complete 
| 103|0x000000070ec00000, 0x000000070ee00000, 0x000000070ee00000|100%| E|CS|TAMS 0x000000070ec00000| PB 0x000000070ec00000| Complete 
| 104|0x000000070ee00000, 0x000000070f000000, 0x000000070f000000|100%| E|CS|TAMS 0x000000070ee00000| PB 0x000000070ee00000| Complete 
| 105|0x000000070f000000, 0x000000070f200000, 0x000000070f200000|100%| E|CS|TAMS 0x000000070f000000| PB 0x000000070f000000| Complete 
| 106|0x000000070f200000, 0x000000070f400000, 0x000000070f400000|100%| E|CS|TAMS 0x000000070f200000| PB 0x000000070f200000| Complete 
| 107|0x000000070f400000, 0x000000070f600000, 0x000000070f600000|100%| E|CS|TAMS 0x000000070f400000| PB 0x000000070f400000| Complete 
| 108|0x000000070f600000, 0x000000070f800000, 0x000000070f800000|100%| E|CS|TAMS 0x000000070f600000| PB 0x000000070f600000| Complete 
| 109|0x000000070f800000, 0x000000070fa00000, 0x000000070fa00000|100%| E|CS|TAMS 0x000000070f800000| PB 0x000000070f800000| Complete 
| 110|0x000000070fa00000, 0x000000070fc00000, 0x000000070fc00000|100%| E|CS|TAMS 0x000000070fa00000| PB 0x000000070fa00000| Complete 
| 111|0x000000070fc00000, 0x000000070fe00000, 0x000000070fe00000|100%| E|CS|TAMS 0x000000070fc00000| PB 0x000000070fc00000| Complete 
| 112|0x000000070fe00000, 0x0000000710000000, 0x0000000710000000|100%| E|CS|TAMS 0x000000070fe00000| PB 0x000000070fe00000| Complete 
| 113|0x0000000710000000, 0x0000000710200000, 0x0000000710200000|100%| E|CS|TAMS 0x0000000710000000| PB 0x0000000710000000| Complete 
| 114|0x0000000710200000, 0x0000000710400000, 0x0000000710400000|100%| E|CS|TAMS 0x0000000710200000| PB 0x0000000710200000| Complete 
| 115|0x0000000710400000, 0x0000000710600000, 0x0000000710600000|100%| E|CS|TAMS 0x0000000710400000| PB 0x0000000710400000| Complete 
| 116|0x0000000710600000, 0x0000000710800000, 0x0000000710800000|100%| E|CS|TAMS 0x0000000710600000| PB 0x0000000710600000| Complete 
| 117|0x0000000710800000, 0x0000000710a00000, 0x0000000710a00000|100%| E|CS|TAMS 0x0000000710800000| PB 0x0000000710800000| Complete 
| 118|0x0000000710a00000, 0x0000000710c00000, 0x0000000710c00000|100%| E|CS|TAMS 0x0000000710a00000| PB 0x0000000710a00000| Complete 
| 119|0x0000000710c00000, 0x0000000710e00000, 0x0000000710e00000|100%| E|CS|TAMS 0x0000000710c00000| PB 0x0000000710c00000| Complete 
| 120|0x0000000710e00000, 0x0000000711000000, 0x0000000711000000|100%| E|CS|TAMS 0x0000000710e00000| PB 0x0000000710e00000| Complete 
| 121|0x0000000711000000, 0x0000000711200000, 0x0000000711200000|100%| E|CS|TAMS 0x0000000711000000| PB 0x0000000711000000| Complete 
| 122|0x0000000711200000, 0x0000000711400000, 0x0000000711400000|100%| E|CS|TAMS 0x0000000711200000| PB 0x0000000711200000| Complete 
| 123|0x0000000711400000, 0x0000000711600000, 0x0000000711600000|100%| E|CS|TAMS 0x0000000711400000| PB 0x0000000711400000| Complete 
| 124|0x0000000711600000, 0x0000000711800000, 0x0000000711800000|100%| E|CS|TAMS 0x0000000711600000| PB 0x0000000711600000| Complete 
| 125|0x0000000711800000, 0x0000000711a00000, 0x0000000711a00000|100%| E|CS|TAMS 0x0000000711800000| PB 0x0000000711800000| Complete 
| 126|0x0000000711a00000, 0x0000000711c00000, 0x0000000711c00000|100%| E|CS|TAMS 0x0000000711a00000| PB 0x0000000711a00000| Complete 
| 127|0x0000000711c00000, 0x0000000711e00000, 0x0000000711e00000|100%| E|CS|TAMS 0x0000000711c00000| PB 0x0000000711c00000| Complete 

Card table byte_map: [0x0000023b19df0000,0x0000023b1a5f0000] _byte_map_base: 0x0000023b165e1000

Marking Bits: (CMBitMap*) 0x0000023b0209ef70
 Bits: [0x0000023b1a5f0000, 0x0000023b1e578000)

Polling page: 0x0000023b003b0000

Metaspace:

Usage:
  Non-class:     14.71 MB used.
      Class:      1.81 MB used.
       Both:     16.52 MB used.

Virtual space:
  Non-class space:       64.00 MB reserved,      14.88 MB ( 23%) committed,  1 nodes.
      Class space:        1.00 GB reserved,       1.94 MB ( <1%) committed,  1 nodes.
             Both:        1.06 GB reserved,      16.81 MB (  2%) committed. 

Chunk freelists:
   Non-Class:  1.08 MB
       Class:  13.93 MB
        Both:  15.01 MB

MaxMetaspaceSize: unlimited
CompressedClassSpaceSize: 1.00 GB
Initial GC threshold: 21.00 MB
Current GC threshold: 21.00 MB
CDS: on
 - commit_granule_bytes: 65536.
 - commit_granule_words: 8192.
 - virtual_space_node_default_size: 8388608.
 - enlarge_chunks_in_place: 1.
 - use_allocation_guard: 0.


Internal statistics:

num_allocs_failed_limit: 0.
num_arena_births: 186.
num_arena_deaths: 0.
num_vsnodes_births: 2.
num_vsnodes_deaths: 0.
num_space_committed: 269.
num_space_uncommitted: 0.
num_chunks_returned_to_freelist: 0.
num_chunks_taken_from_freelist: 719.
num_chunk_merges: 0.
num_chunk_splits: 524.
num_chunks_enlarged: 432.
num_inconsistent_stats: 0.

CodeHeap 'non-profiled nmethods': size=120000Kb used=3643Kb max_used=3643Kb free=116356Kb
 bounds [0x0000023b11fb0000, 0x0000023b12340000, 0x0000023b194e0000]
CodeHeap 'profiled nmethods': size=120000Kb used=11455Kb max_used=11455Kb free=108544Kb
 bounds [0x0000023b0a4e0000, 0x0000023b0b010000, 0x0000023b11a10000]
CodeHeap 'non-nmethods': size=5760Kb used=1402Kb max_used=1485Kb free=4357Kb
 bounds [0x0000023b11a10000, 0x0000023b11c80000, 0x0000023b11fb0000]
 total_blobs=5684 nmethods=5190 adapters=398
 compilation: enabled
              stopped_count=0, restarted_count=0
 full_count=0

Compilation events (20 events):
Event: 11.980 Thread 0x0000023b209972b0 5123       1       org.apache.maven.model.Site::getChildSiteUrlInheritAppendPath (5 bytes)
Event: 11.980 Thread 0x0000023b209972b0 nmethod 5123 0x0000023b1232f410 code [0x0000023b1232f5a0, 0x0000023b1232f670]
Event: 11.983 Thread 0x0000023b20996810 nmethod 5122 0x0000023b1232f710 code [0x0000023b1232f920, 0x0000023b123300b0]
Event: 12.054 Thread 0x0000023b209972b0 5125       3       org.apache.maven.model.profile.DefaultProfileInjector$ProfileModelMerger::mergePluginContainer_Plugins (363 bytes)
Event: 12.057 Thread 0x0000023b209972b0 nmethod 5125 0x0000023b0afe1b10 code [0x0000023b0afe2200, 0x0000023b0afe6160]
Event: 12.825 Thread 0x0000023b20996810 5126       4       org.apache.maven.repository.internal.ArtifactDescriptorReaderDelegate::populateResult (426 bytes)
Event: 12.850 Thread 0x0000023b209972b0 5127       1       org.apache.maven.model.MailingList::setSubscribe (6 bytes)
Event: 12.850 Thread 0x0000023b209972b0 nmethod 5127 0x0000023b12330510 code [0x0000023b123306a0, 0x0000023b123307b8]
Event: 12.852 Thread 0x0000023b209972b0 5129       3       org.eclipse.aether.internal.impl.collect.DataPool$Descriptor::<init> (5 bytes)
Event: 12.852 Thread 0x0000023b209972b0 nmethod 5129 0x0000023b0afe7510 code [0x0000023b0afe76c0, 0x0000023b0afe7828]
Event: 12.857 Thread 0x0000023b209972b0 5130       3       java.util.concurrent.locks.ReentrantReadWriteLock$Sync::tryReleaseShared (146 bytes)
Event: 12.857 Thread 0x0000023b209972b0 nmethod 5130 0x0000023b0afe7910 code [0x0000023b0afe7b80, 0x0000023b0afe87a0]
Event: 12.884 Thread 0x0000023b209972b0 5133       3       org.apache.maven.model.io.xpp3.MavenXpp3Reader::parseExclusion (192 bytes)
Event: 12.885 Thread 0x0000023b209972b0 nmethod 5133 0x0000023b0afe8c10 code [0x0000023b0afe8fa0, 0x0000023b0afea420]
Event: 12.904 Thread 0x0000023b209972b0 5134       3       org.apache.maven.model.io.xpp3.MavenXpp3Reader::parseContributor (482 bytes)
Event: 12.906 Thread 0x0000023b209972b0 nmethod 5134 0x0000023b0afead10 code [0x0000023b0afeb420, 0x0000023b0afeeec8]
Event: 13.006 Thread 0x0000023b209972b0 5137       3       sun.nio.cs.SingleByte$Encoder::encode (32 bytes)
Event: 13.007 Thread 0x0000023b209972b0 nmethod 5137 0x0000023b0aff0310 code [0x0000023b0aff04c0, 0x0000023b0aff06a8]
Event: 13.018 Thread 0x0000023b209972b0 5138       3       org.fusesource.jansi.io.AnsiOutputStream::write (898 bytes)
Event: 13.020 Thread 0x0000023b209972b0 nmethod 5138 0x0000023b0aff0810 code [0x0000023b0aff0ea0, 0x0000023b0aff5470]

GC Heap History (6 events):
Event: 1.434 GC heap before
{Heap before GC invocations=0 (full 0):
 garbage-first heap   total 262144K, used 20480K [0x0000000701e00000, 0x0000000800000000)
  region size 2048K, 10 young (20480K), 0 survivors (0K)
 Metaspace       used 5447K, committed 5696K, reserved 1114112K
  class space    used 628K, committed 768K, reserved 1048576K
}
Event: 1.443 GC heap after
{Heap after GC invocations=1 (full 0):
 garbage-first heap   total 262144K, used 3648K [0x0000000701e00000, 0x0000000800000000)
  region size 2048K, 2 young (4096K), 2 survivors (4096K)
 Metaspace       used 5447K, committed 5696K, reserved 1114112K
  class space    used 628K, committed 768K, reserved 1048576K
}
Event: 1.949 GC heap before
{Heap before GC invocations=1 (full 0):
 garbage-first heap   total 262144K, used 32320K [0x0000000701e00000, 0x0000000800000000)
  region size 2048K, 16 young (32768K), 2 survivors (4096K)
 Metaspace       used 8391K, committed 8640K, reserved 1114112K
  class space    used 975K, committed 1088K, reserved 1048576K
}
Event: 1.952 GC heap after
{Heap after GC invocations=2 (full 0):
 garbage-first heap   total 262144K, used 5099K [0x0000000701e00000, 0x0000000800000000)
  region size 2048K, 1 young (2048K), 1 survivors (2048K)
 Metaspace       used 8391K, committed 8640K, reserved 1114112K
  class space    used 975K, committed 1088K, reserved 1048576K
}
Event: 9.199 GC heap before
{Heap before GC invocations=2 (full 0):
 garbage-first heap   total 262144K, used 158699K [0x0000000701e00000, 0x0000000800000000)
  region size 2048K, 76 young (155648K), 1 survivors (2048K)
 Metaspace       used 16455K, committed 16704K, reserved 1114112K
  class space    used 1848K, committed 1984K, reserved 1048576K
}
Event: 9.206 GC heap after
{Heap after GC invocations=3 (full 0):
 garbage-first heap   total 262144K, used 15653K [0x0000000701e00000, 0x0000000800000000)
  region size 2048K, 6 young (12288K), 6 survivors (12288K)
 Metaspace       used 16455K, committed 16704K, reserved 1114112K
  class space    used 1848K, committed 1984K, reserved 1048576K
}

Dll operation events (8 events):
Event: 0.007 Loaded shared library C:\Program Files\Java\jdk-21\bin\java.dll
Event: 0.032 Loaded shared library C:\Program Files\Java\jdk-21\bin\jsvml.dll
Event: 0.088 Loaded shared library C:\Program Files\Java\jdk-21\bin\net.dll
Event: 0.137 Loaded shared library C:\Program Files\Java\jdk-21\bin\nio.dll
Event: 0.162 Loaded shared library C:\Program Files\Java\jdk-21\bin\zip.dll
Event: 0.952 Loaded shared library C:\Program Files\Java\jdk-21\bin\jimage.dll
Event: 0.972 Loaded shared library C:\Users\Everton\.m2\wrapper\dists\apache-maven-3.9.11\03d7e36a140982eea48e22c1dcac01d8862b2550b2939e09a0809bbc5182a5bc\lib\jansi-native\Windows\x86_64\jansi.dll
Event: 1.001 Loaded shared library C:\Program Files\Java\jdk-21\bin\verify.dll

Deoptimization events (20 events):
Event: 10.985 Thread 0x0000023b02039280 DEOPT PACKING pc=0x0000023b122e6898 sp=0x0000008607cfba40
Event: 10.985 Thread 0x0000023b02039280 DEOPT UNPACKING pc=0x0000023b11a646a2 sp=0x0000008607cfb928 mode 2
Event: 11.437 Thread 0x0000023b02039280 Uncommon trap: trap_request=0xffffff45 fr.pc=0x0000023b122fb004 relative=0x0000000000003904
Event: 11.437 Thread 0x0000023b02039280 Uncommon trap: reason=unstable_if action=reinterpret pc=0x0000023b122fb004 method=org.codehaus.plexus.interpolation.util.StringUtils.capitalizeFirstLetter(Ljava/lang/String;)Ljava/lang/String; @ 13 c2
Event: 11.437 Thread 0x0000023b02039280 DEOPT PACKING pc=0x0000023b122fb004 sp=0x0000008607cfbee0
Event: 11.437 Thread 0x0000023b02039280 DEOPT UNPACKING pc=0x0000023b11a646a2 sp=0x0000008607cfbd78 mode 2
Event: 11.541 Thread 0x0000023b02039280 Uncommon trap: trap_request=0xffffffde fr.pc=0x0000023b12230cfc relative=0x0000000000000cbc
Event: 11.541 Thread 0x0000023b02039280 Uncommon trap: reason=class_check action=maybe_recompile pc=0x0000023b12230cfc method=org.apache.maven.model.DependencyManagement.clone()Lorg/apache/maven/model/DependencyManagement; @ 30 c2
Event: 11.541 Thread 0x0000023b02039280 DEOPT PACKING pc=0x0000023b12230cfc sp=0x0000008607cfbd90
Event: 11.541 Thread 0x0000023b02039280 DEOPT UNPACKING pc=0x0000023b11a646a2 sp=0x0000008607cfbd88 mode 2
Event: 11.679 Thread 0x0000023b02039280 Uncommon trap: trap_request=0xffffff45 fr.pc=0x0000023b1221cd40 relative=0x0000000000000280
Event: 11.679 Thread 0x0000023b02039280 Uncommon trap: reason=unstable_if action=reinterpret pc=0x0000023b1221cd40 method=org.codehaus.plexus.util.xml.pull.MXParser.printable(I)Ljava/lang/String; @ 33 c2
Event: 11.679 Thread 0x0000023b02039280 DEOPT PACKING pc=0x0000023b1221cd40 sp=0x0000008607cfb7d0
Event: 11.679 Thread 0x0000023b02039280 DEOPT UNPACKING pc=0x0000023b11a646a2 sp=0x0000008607cfb780 mode 2
Event: 11.978 Thread 0x0000023b02039280 Uncommon trap: trap_request=0xffffff45 fr.pc=0x0000023b122753a0 relative=0x00000000000040e0
Event: 11.978 Thread 0x0000023b02039280 Uncommon trap: reason=unstable_if action=reinterpret pc=0x0000023b122753a0 method=org.codehaus.plexus.util.xml.Xpp3Dom.mergeIntoXpp3Dom(Lorg/codehaus/plexus/util/xml/Xpp3Dom;Lorg/codehaus/plexus/util/xml/Xpp3Dom;Ljava/lang/Boolean;)V @ 460 c2
Event: 11.978 Thread 0x0000023b02039280 DEOPT PACKING pc=0x0000023b122753a0 sp=0x0000008607cfbed0
Event: 11.978 Thread 0x0000023b02039280 DEOPT UNPACKING pc=0x0000023b11a646a2 sp=0x0000008607cfbec8 mode 2
Event: 12.825 Thread 0x0000023b02039280 DEOPT PACKING pc=0x0000023b0ae33e59 sp=0x0000008607cfd7c0
Event: 12.825 Thread 0x0000023b02039280 DEOPT UNPACKING pc=0x0000023b11a64e42 sp=0x0000008607cfcd20 mode 0

Classes loaded (20 events):
Event: 2.760 Loading class java/util/AbstractMap$2$1
Event: 2.760 Loading class java/util/AbstractMap$2$1 done
Event: 2.860 Loading class java/util/Formatter$FixedString
Event: 2.860 Loading class java/util/Formatter$FixedString done
Event: 2.928 Loading class java/util/stream/MatchOps$MatchKind
Event: 2.949 Loading class java/util/stream/MatchOps$MatchKind done
Event: 2.949 Loading class java/util/stream/MatchOps
Event: 2.949 Loading class java/util/stream/MatchOps done
Event: 2.950 Loading class java/util/stream/MatchOps$MatchOp
Event: 2.951 Loading class java/util/stream/MatchOps$MatchOp done
Event: 2.951 Loading class java/util/stream/MatchOps$BooleanTerminalSink
Event: 2.951 Loading class java/util/stream/MatchOps$BooleanTerminalSink done
Event: 2.951 Loading class java/util/stream/MatchOps$1MatchSink
Event: 2.952 Loading class java/util/stream/MatchOps$1MatchSink done
Event: 3.022 Loading class java/util/stream/Streams$RangeIntSpliterator
Event: 3.022 Loading class java/util/stream/Streams$RangeIntSpliterator done
Event: 10.631 Loading class sun/nio/cs/ISO_8859_1$Decoder
Event: 10.632 Loading class sun/nio/cs/ISO_8859_1$Decoder done
Event: 11.290 Loading class java/util/Collections$UnmodifiableList$1
Event: 11.356 Loading class java/util/Collections$UnmodifiableList$1 done

Classes unloaded (0 events):
No events

Classes redefined (0 events):
No events

Internal exceptions (20 events):
Event: 2.316 Thread 0x0000023b02039280 Exception <a 'java/lang/NoSuchMethodError'{0x00000007108856e0}: 'void java.lang.invoke.Invokers$Holder.invokeExact_MT(java.lang.Object, java.lang.Object, java.lang.Object, java.lang.Object)'> (0x00000007108856e0) 
thrown [s\open\src\hotspot\share\interpreter\linkResolver.cpp, line 773]
Event: 2.328 Thread 0x0000023b02039280 Exception <a 'java/lang/NoClassDefFoundError'{0x0000000710919438}: com/google/inject/servlet/ServletModuleTargetVisitor> (0x0000000710919438) 
thrown [s\open\src\hotspot\share\classfile\systemDictionary.cpp, line 301]
Event: 2.378 Thread 0x0000023b02039280 Exception <a 'java/lang/NoSuchMethodError'{0x00000007106e28e0}: 'void java.lang.invoke.DirectMethodHandle$Holder.invokeVirtual(java.lang.Object, java.lang.Object)'> (0x00000007106e28e0) 
thrown [s\open\src\hotspot\share\interpreter\linkResolver.cpp, line 773]
Event: 2.459 Thread 0x0000023b02039280 Exception <a 'java/lang/NoSuchMethodError'{0x0000000710762410}: 'java.lang.Object java.lang.invoke.DirectMethodHandle$Holder.invokeStaticInit(java.lang.Object, int, int, int, int)'> (0x0000000710762410) 
thrown [s\open\src\hotspot\share\interpreter\linkResolver.cpp, line 773]
Event: 2.637 Thread 0x0000023b02039280 Implicit null exception at 0x0000023b11fdd524 to 0x0000023b11fddbac
Event: 2.637 Thread 0x0000023b02039280 Implicit null exception at 0x0000023b11fe47a0 to 0x0000023b11fe4e20
Event: 2.643 Thread 0x0000023b02039280 Exception <a 'java/lang/NoSuchMethodError'{0x0000000710005ef8}: 'void java.lang.invoke.DirectMethodHandle$Holder.invokeSpecial(java.lang.Object, java.lang.Object, java.lang.Object, java.lang.Object, java.lang.Object)'> (0x0000000710005ef8) 
thrown [s\open\src\hotspot\share\interpreter\linkResolver.cpp, line 773]
Event: 2.645 Thread 0x0000023b02039280 Exception <a 'java/lang/NoSuchMethodError'{0x00000007100247d0}: 'java.lang.Object java.lang.invoke.DirectMethodHandle$Holder.invokeVirtual(java.lang.Object, java.lang.Object, java.lang.Object)'> (0x00000007100247d0) 
thrown [s\open\src\hotspot\share\interpreter\linkResolver.cpp, line 773]
Event: 2.646 Thread 0x0000023b02039280 Exception <a 'java/lang/NoSuchMethodError'{0x00000007100316e0}: 'void java.lang.invoke.DirectMethodHandle$Holder.invokeSpecial(java.lang.Object, java.lang.Object, java.lang.Object, java.lang.Object, java.lang.Object, java.lang.Object)'> (0x00000007100316e0) 
thrown [s\open\src\hotspot\share\interpreter\linkResolver.cpp, line 773]
Event: 2.714 Thread 0x0000023b02039280 Exception <a 'java/lang/NoSuchMethodError'{0x00000007101b53b0}: 'void java.lang.invoke.DirectMethodHandle$Holder.invokeVirtual(java.lang.Object, java.lang.Object, int)'> (0x00000007101b53b0) 
thrown [s\open\src\hotspot\share\interpreter\linkResolver.cpp, line 773]
Event: 2.714 Thread 0x0000023b02039280 Exception <a 'java/lang/NoSuchMethodError'{0x00000007101b9160}: 'void java.lang.invoke.DirectMethodHandle$Holder.invokeSpecial(java.lang.Object, java.lang.Object, java.lang.Object, int)'> (0x00000007101b9160) 
thrown [s\open\src\hotspot\share\interpreter\linkResolver.cpp, line 773]
Event: 2.714 Thread 0x0000023b02039280 Exception <a 'java/lang/NoSuchMethodError'{0x00000007101bcae0}: 'void java.lang.invoke.DelegatingMethodHandle$Holder.reinvoke_L(java.lang.Object, java.lang.Object, int)'> (0x00000007101bcae0) 
thrown [s\open\src\hotspot\share\interpreter\linkResolver.cpp, line 773]
Event: 3.059 Thread 0x0000023b02039280 Implicit null exception at 0x0000023b1207fea0 to 0x0000023b12080130
Event: 3.176 Thread 0x0000023b02039280 Implicit null exception at 0x0000023b120f4d4f to 0x0000023b120f5004
Event: 3.176 Thread 0x0000023b02039280 Implicit null exception at 0x0000023b120e8873 to 0x0000023b120e9c40
Event: 3.177 Thread 0x0000023b02039280 Implicit null exception at 0x0000023b12073920 to 0x0000023b12073b2c
Event: 3.177 Thread 0x0000023b02039280 Implicit null exception at 0x0000023b120f0c0d to 0x0000023b120f14e4
Event: 3.182 Thread 0x0000023b02039280 Exception <a 'java/lang/NoSuchMethodError'{0x000000070efc4778}: 'int java.lang.invoke.DirectMethodHandle$Holder.invokeSpecialIFC(java.lang.Object, java.lang.Object, java.lang.Object, java.lang.Object)'> (0x000000070efc4778) 
thrown [s\open\src\hotspot\share\interpreter\linkResolver.cpp, line 773]
Event: 9.210 Thread 0x0000023b02039280 Implicit null exception at 0x0000023b1220cd06 to 0x0000023b122113d0
Event: 13.000 Thread 0x0000023b02039280 Exception <a 'java/io/IOException'{0x0000000709f7ac70}> (0x0000000709f7ac70) 
thrown [s\open\src\hotspot\share\prims\jni.cpp, line 520]

ZGC Phase Switch (0 events):
No events

VM Operations (20 events):
Event: 3.412 Executing VM operation: ICBufferFull
Event: 3.412 Executing VM operation: ICBufferFull done
Event: 4.416 Executing VM operation: Cleanup
Event: 4.416 Executing VM operation: Cleanup done
Event: 5.431 Executing VM operation: Cleanup
Event: 5.431 Executing VM operation: Cleanup done
Event: 6.444 Executing VM operation: Cleanup
Event: 6.444 Executing VM operation: Cleanup done
Event: 7.449 Executing VM operation: Cleanup
Event: 7.449 Executing VM operation: Cleanup done
Event: 8.459 Executing VM operation: Cleanup
Event: 8.459 Executing VM operation: Cleanup done
Event: 9.199 Executing VM operation: G1CollectForAllocation (G1 Evacuation Pause)
Event: 9.206 Executing VM operation: G1CollectForAllocation (G1 Evacuation Pause) done
Event: 10.033 Executing VM operation: ICBufferFull
Event: 10.033 Executing VM operation: ICBufferFull done
Event: 11.043 Executing VM operation: Cleanup
Event: 11.043 Executing VM operation: Cleanup done
Event: 12.053 Executing VM operation: Cleanup
Event: 12.053 Executing VM operation: Cleanup done

Events (20 events):
Event: 0.019 Thread 0x0000023b02039280 Thread added: 0x0000023b02039280
Event: 0.030 Thread 0x0000023b2098ad90 Thread added: 0x0000023b2098ad90
Event: 0.030 Thread 0x0000023b2098d800 Thread added: 0x0000023b2098d800
Event: 0.031 Thread 0x0000023b20992970 Thread added: 0x0000023b20992970
Event: 0.031 Thread 0x0000023b20995680 Thread added: 0x0000023b20995680
Event: 0.031 Thread 0x0000023b209997c0 Thread added: 0x0000023b209997c0
Event: 0.031 Thread 0x0000023b209949e0 Thread added: 0x0000023b209949e0
Event: 0.031 Thread 0x0000023b20996810 Thread added: 0x0000023b20996810
Event: 0.031 Thread 0x0000023b209972b0 Thread added: 0x0000023b209972b0
Event: 0.044 Thread 0x0000023b66195710 Thread added: 0x0000023b66195710
Event: 0.047 Thread 0x0000023b6619bf60 Thread added: 0x0000023b6619bf60
Event: 0.948 Thread 0x0000023b664bf450 Thread added: 0x0000023b664bf450
Event: 1.471 Thread 0x0000023b66907b80 Thread added: 0x0000023b66907b80
Event: 2.276 Thread 0x0000023b664bf450 Thread exited: 0x0000023b664bf450
Event: 2.554 Thread 0x0000023b670cc140 Thread added: 0x0000023b670cc140
Event: 5.255 Thread 0x0000023b66907b80 Thread exited: 0x0000023b66907b80
Event: 6.207 Thread 0x0000023b66907b80 Thread added: 0x0000023b66907b80
Event: 7.802 Thread 0x0000023b66907b80 Thread exited: 0x0000023b66907b80
Event: 9.284 Thread 0x0000023b66c835e0 Thread added: 0x0000023b66c835e0
Event: 11.958 Thread 0x0000023b66c835e0 Thread exited: 0x0000023b66c835e0


Dynamic libraries:
0x00007ff7c0530000 - 0x00007ff7c0540000 	C:\Program Files\Java\jdk-21\bin\java.exe
0x00007ffba7900000 - 0x00007ffba7b68000 	C:\WINDOWS\SYSTEM32\ntdll.dll
0x00007ffba6b50000 - 0x00007ffba6c19000 	C:\WINDOWS\System32\KERNEL32.DLL
0x00007ffba5120000 - 0x00007ffba5518000 	C:\WINDOWS\System32\KERNELBASE.dll
0x00007ffba4fd0000 - 0x00007ffba511b000 	C:\WINDOWS\System32\ucrtbase.dll
0x00007ffb9fb10000 - 0x00007ffb9fb2b000 	C:\Program Files\Java\jdk-21\bin\VCRUNTIME140.dll
0x00007ffb9e9e0000 - 0x00007ffb9e9f9000 	C:\Program Files\Java\jdk-21\bin\jli.dll
0x00007ffba5730000 - 0x00007ffba57e4000 	C:\WINDOWS\System32\ADVAPI32.dll
0x00007ffba57f0000 - 0x00007ffba5899000 	C:\WINDOWS\System32\msvcrt.dll
0x00007ffba59e0000 - 0x00007ffba5a86000 	C:\WINDOWS\System32\sechost.dll
0x00007ffba5a90000 - 0x00007ffba5ba8000 	C:\WINDOWS\System32\RPCRT4.dll
0x00007ffba76f0000 - 0x00007ffba78b7000 	C:\WINDOWS\System32\USER32.dll
0x00007ffba4b00000 - 0x00007ffba4b27000 	C:\WINDOWS\System32\win32u.dll
0x00007ffb93480000 - 0x00007ffb93714000 	C:\WINDOWS\WinSxS\amd64_microsoft.windows.common-controls_6595b64144ccf1df_6.0.26100.7019_none_3e06ffa0e335b8a8\COMCTL32.dll
0x00007ffba5be0000 - 0x00007ffba5c0b000 	C:\WINDOWS\System32\GDI32.dll
0x00007ffba4ea0000 - 0x00007ffba4fcc000 	C:\WINDOWS\System32\gdi32full.dll
0x00007ffba4a50000 - 0x00007ffba4af3000 	C:\WINDOWS\System32\msvcp_win.dll
0x00007ffb9d370000 - 0x00007ffb9d37b000 	C:\WINDOWS\SYSTEM32\VERSION.dll
0x00007ffba58a0000 - 0x00007ffba58d1000 	C:\WINDOWS\System32\IMM32.DLL
0x00007ffb9fb00000 - 0x00007ffb9fb0c000 	C:\Program Files\Java\jdk-21\bin\vcruntime140_1.dll
0x00007ffb7c750000 - 0x00007ffb7c7de000 	C:\Program Files\Java\jdk-21\bin\msvcp140.dll
0x00007ffaead20000 - 0x00007ffaeba3d000 	C:\Program Files\Java\jdk-21\bin\server\jvm.dll
0x00007ffba61d0000 - 0x00007ffba6244000 	C:\WINDOWS\System32\WS2_32.dll
0x00007ffba48d0000 - 0x00007ffba492e000 	C:\WINDOWS\SYSTEM32\POWRPROF.dll
0x00007ffb97340000 - 0x00007ffb97375000 	C:\WINDOWS\SYSTEM32\WINMM.dll
0x00007ffba48b0000 - 0x00007ffba48c4000 	C:\WINDOWS\SYSTEM32\UMPDC.dll
0x00007ffba37d0000 - 0x00007ffba37eb000 	C:\WINDOWS\SYSTEM32\kernel.appcore.dll
0x00007ffb9e9d0000 - 0x00007ffb9e9da000 	C:\Program Files\Java\jdk-21\bin\jimage.dll
0x00007ffb9b160000 - 0x00007ffb9b3a2000 	C:\WINDOWS\SYSTEM32\DBGHELP.DLL
0x00007ffba6f20000 - 0x00007ffba72ab000 	C:\WINDOWS\System32\combase.dll
0x00007ffba60f0000 - 0x00007ffba61c7000 	C:\WINDOWS\System32\OLEAUT32.dll
0x00007ffb93ab0000 - 0x00007ffb93aec000 	C:\WINDOWS\SYSTEM32\dbgcore.DLL
0x00007ffba4df0000 - 0x00007ffba4e95000 	C:\WINDOWS\System32\bcryptPrimitives.dll
0x00007ffb77850000 - 0x00007ffb7786f000 	C:\Program Files\Java\jdk-21\bin\java.dll
0x00007ffba6250000 - 0x00007ffba699f000 	C:\WINDOWS\System32\SHELL32.dll
0x00007ffba4bc0000 - 0x00007ffba4d2b000 	C:\WINDOWS\System32\wintypes.dll
0x00007ffba2650000 - 0x00007ffba2ead000 	C:\WINDOWS\SYSTEM32\windows.storage.dll
0x00007ffba6e00000 - 0x00007ffba6ef2000 	C:\WINDOWS\System32\SHCORE.dll
0x00007ffba72b0000 - 0x00007ffba7317000 	C:\WINDOWS\System32\shlwapi.dll
0x00007ffba4970000 - 0x00007ffba4999000 	C:\WINDOWS\SYSTEM32\profapi.dll
0x00007ffb64a20000 - 0x00007ffb64af7000 	C:\Program Files\Java\jdk-21\bin\jsvml.dll
0x00007ffb9e9c0000 - 0x00007ffb9e9d0000 	C:\Program Files\Java\jdk-21\bin\net.dll
0x00007ffb9cc90000 - 0x00007ffb9cdb8000 	C:\WINDOWS\SYSTEM32\WINHTTP.dll
0x00007ffba3d30000 - 0x00007ffba3d9b000 	C:\WINDOWS\system32\mswsock.dll
0x00007ffb77830000 - 0x00007ffb77846000 	C:\Program Files\Java\jdk-21\bin\nio.dll
0x00007ffb70a50000 - 0x00007ffb70a68000 	C:\Program Files\Java\jdk-21\bin\zip.dll
0x00007ffb70a20000 - 0x00007ffb70a44000 	C:\Users\Everton\.m2\wrapper\dists\apache-maven-3.9.11\03d7e36a140982eea48e22c1dcac01d8862b2550b2939e09a0809bbc5182a5bc\lib\jansi-native\Windows\x86_64\jansi.dll
0x00007ffb7c740000 - 0x00007ffb7c750000 	C:\Program Files\Java\jdk-21\bin\verify.dll

dbghelp: loaded successfully - version: 4.0.5 - missing functions: none
symbol engine: initialized successfully - sym options: 0x614 - pdb path: .;C:\Program Files\Java\jdk-21\bin;C:\WINDOWS\SYSTEM32;C:\WINDOWS\WinSxS\amd64_microsoft.windows.common-controls_6595b64144ccf1df_6.0.26100.7019_none_3e06ffa0e335b8a8;C:\Program Files\Java\jdk-21\bin\server;C:\Users\Everton\.m2\wrapper\dists\apache-maven-3.9.11\03d7e36a140982eea48e22c1dcac01d8862b2550b2939e09a0809bbc5182a5bc\lib\jansi-native\Windows\x86_64

VM Arguments:
jvm_args: --enable-native-access=ALL-UNNAMED -Dclassworlds.conf=C:\Users\Everton\.m2\wrapper\dists\apache-maven-3.9.11\03d7e36a140982eea48e22c1dcac01d8862b2550b2939e09a0809bbc5182a5bc\bin\m2.conf -Dmaven.home=C:\Users\Everton\.m2\wrapper\dists\apache-maven-3.9.11\03d7e36a140982eea48e22c1dcac01d8862b2550b2939e09a0809bbc5182a5bc -Dlibrary.jansi.path=C:\Users\Everton\.m2\wrapper\dists\apache-maven-3.9.11\03d7e36a140982eea48e22c1dcac01d8862b2550b2939e09a0809bbc5182a5bc\lib\jansi-native -Dmaven.multiModuleProjectDirectory=C:\Users\Everton\IdeaProjects\challenge\code-with-quarkus (1)\code-with-quarkus 
java_command: org.codehaus.plexus.classworlds.launcher.Launcher clean quarkus:dev
java_class_path (initial): C:\Users\Everton\.m2\wrapper\dists\apache-maven-3.9.11\03d7e36a140982eea48e22c1dcac01d8862b2550b2939e09a0809bbc5182a5bc\boot\plexus-classworlds-2.9.0.jar
Launcher Type: SUN_STANDARD

[Global flags]
     intx CICompilerCount                          = 3                                         {product} {ergonomic}
     uint ConcGCThreads                            = 2                                         {product} {ergonomic}
     uint G1ConcRefinementThreads                  = 6                                         {product} {ergonomic}
   size_t G1HeapRegionSize                         = 2097152                                   {product} {ergonomic}
    uintx GCDrainStackTargetSize                   = 64                                        {product} {ergonomic}
   size_t InitialHeapSize                          = 268435456                                 {product} {ergonomic}
   size_t MarkStackSize                            = 4194304                                   {product} {ergonomic}
   size_t MaxHeapSize                              = 4263510016                                {product} {ergonomic}
   size_t MaxNewSize                               = 2556428288                                {product} {ergonomic}
   size_t MinHeapDeltaBytes                        = 2097152                                   {product} {ergonomic}
   size_t MinHeapSize                              = 8388608                                   {product} {ergonomic}
    uintx NonNMethodCodeHeapSize                   = 5832780                                {pd product} {ergonomic}
    uintx NonProfiledCodeHeapSize                  = 122912730                              {pd product} {ergonomic}
    uintx ProfiledCodeHeapSize                     = 122912730                              {pd product} {ergonomic}
    uintx ReservedCodeCacheSize                    = 251658240                              {pd product} {ergonomic}
     bool SegmentedCodeCache                       = true                                      {product} {ergonomic}
   size_t SoftMaxHeapSize                          = 4263510016                             {manageable} {ergonomic}
     bool UseCompressedOops                        = true                           {product lp64_product} {ergonomic}
     bool UseG1GC                                  = true                                      {product} {ergonomic}
     bool UseLargePagesIndividualAllocation        = false                                  {pd product} {ergonomic}

Logging:
Log output configuration:
 #0: stdout all=warning uptime,level,tags foldmultilines=false
 #1: stderr all=off uptime,level,tags foldmultilines=false

Environment Variables:
JAVA_HOME=C:\Program Files\Java\jdk-21
PATH=C:\Program Files\Eclipse Adoptium\jdk-21.0.9.10-hotspot\bin;C:\Program Files\Common Files\Oracle\Java\javapath;C:\Program Files (x86)\NVIDIA Corporation\PhysX\Common;C:\Program Files (x86)\Common Files\Oracle\Java\javapath;C:\WINDOWS\system32;C:\WINDOWS;C:\WINDOWS\System32\Wbem;C:\WINDOWS\System32\WindowsPowerShell\v1.0\;C:\WINDOWS\System32\OpenSSH\;C:\Program Files\apache-maven-3.9.10\bin;C:\Program Files\Java\jdk-21\bin;C:\Program Files\Git\cmd;C:\Program Files\Docker\Docker\resources\bin;C:\Users\Everton\AppData\Local\Programs\Python\Launcher\;C:\Program Files\MySQL\MySQL Shell 8.0\bin\;C:\Users\Everton\AppData\Local\Microsoft\WindowsApps;C:\Users\Everton\AppData\Local\Programs\Microsoft VS Code\bin;
USERNAME=Everton
OS=Windows_NT
PROCESSOR_IDENTIFIER=Intel64 Family 6 Model 158 Stepping 13, GenuineIntel
TMP=C:\Users\Everton\AppData\Local\Temp
TEMP=C:\Users\Everton\AppData\Local\Temp




Periodic native trim disabled

---------------  S Y S T E M  ---------------

OS:
 Windows 11 , 64 bit Build 26100 (10.0.26100.7019)
OS uptime: 0 days 0:56 hours
Hyper-V role detected

CPU: total 6 (initial active 6) (6 cores per cpu, 1 threads per core) family 6 model 158 stepping 13 microcode 0xde, cx8, cmov, fxsr, mmx, 3dnowpref, sse, sse2, sse3, ssse3, sse4.1, sse4.2, popcnt, lzcnt, tsc, tscinvbit, avx, avx2, aes, erms, clmul, bmi1, bmi2, adx, fma, vzeroupper, clflush, clflushopt, hv, rdtscp, f16c
Processor Information for all 6 processors :
  Max Mhz: 3696, Current Mhz: 3696, Mhz Limit: 3696

Memory: 4k page, system-wide physical 16256M (1277M free)
TotalPageFile size 31256M (AvailPageFile size 0M)
current process WorkingSet (physical memory assigned to process): 274M, peak: 285M
current process commit charge ("private bytes"): 400M, peak: 411M

vm_info: Java HotSpot(TM) 64-Bit Server VM (21.0.9+7-LTS-338) for windows-amd64 JRE (21.0.9+7-LTS-338), built on 2025-09-26T06:33:49Z by "mach5run" with MS VC++ 17.6 (VS2022)

END.
