#
# There is insufficient memory for the Java Runtime Environment to continue.
# Native memory allocation (mmap) failed to map 268435456 bytes for G1 virtual space
# Possible reasons:
#   The system is out of physical RAM or swap space
#   The process is running with CompressedOops enabled, and the Java Heap may be blocking the growth of the native heap
# Possible solutions:
#   Reduce memory load on the system
#   Increase physical memory or swap space
#   Check if swap backing store is full
#   Decrease Java heap size (-Xmx/-Xms)
#   Decrease number of Java threads
#   Decrease Java thread stack sizes (-Xss)
#   Set larger code cache with -XX:ReservedCodeCacheSize=
#   JVM is running with Zero Based Compressed Oops mode in which the Java heap is
#     placed in the first 32GB address space. The Java Heap base address is the
#     maximum limit for the native heap growth. Please use -XX:HeapBaseMinAddress
#     to set the Java Heap base and to place the Java Heap above 32GB virtual address.
# This output file may be truncated or incomplete.
#
#  Out of Memory Error (os_windows.cpp:3603), pid=12156, tid=11032
#
# JRE version:  (21.0.9+7) (build )
# Java VM: Java HotSpot(TM) 64-Bit Server VM (21.0.9+7-LTS-338, mixed mode, emulated-client, sharing, tiered, compressed oops, compressed class ptrs, g1 gc, windows-amd64)
# No core dump will be written. Minidumps are not enabled by default on client versions of Windows
#

---------------  S U M M A R Y ------------

Command Line: -Dquarkus-internal.serialized-app-model.path=C:\Users\Everton\IdeaProjects\challenge\code-with-quarkus (1)\code-with-quarkus\target\quarkus\bootstrap\dev-app-model.dat -javaagent:C:\Users\Everton\.m2\repository\io\quarkus\quarkus-class-change-agent\3.11.0\quarkus-class-change-agent-3.11.0.jar -XX:TieredStopAtLevel=1 -agentlib:jdwp=transport=dt_socket,address=localhost:5005,server=y,suspend=n -Djava.util.logging.manager=org.jboss.logmanager.LogManager C:\Users\Everton\IdeaProjects\challenge\code-with-quarkus (1)\code-with-quarkus\target\invest-simulator-dev.jar

Host: Intel(R) Core(TM) i5-9600K CPU @ 3.70GHz, 6 cores, 15G,  Windows 11 , 64 bit Build 26100 (10.0.26100.7019)
Time: Sun Nov 16 07:36:11 2025 Hora oficial do Brasil elapsed time: 0.201728 seconds (0d 0h 0m 0s)

---------------  T H R E A D  ---------------

Current thread (0x0000022b6d4464e0):  JavaThread "Unknown thread" [_thread_in_vm, id=11032, stack(0x000000cfdb000000,0x000000cfdb100000) (1024K)]

Stack: [0x000000cfdb000000,0x000000cfdb100000]
Native frames: (J=compiled Java code, j=interpreted, Vv=VM code, C=native code)
V  [jvm.dll+0x6cbf89]
V  [jvm.dll+0x858421]
V  [jvm.dll+0x85a94e]
V  [jvm.dll+0x85b023]
V  [jvm.dll+0x27ebc6]
V  [jvm.dll+0x6c8705]
V  [jvm.dll+0x6bd26a]
V  [jvm.dll+0x354a0a]
V  [jvm.dll+0x35c686]
V  [jvm.dll+0x3af79e]
V  [jvm.dll+0x3afa48]
V  [jvm.dll+0x328d1c]
V  [jvm.dll+0x32987b]
V  [jvm.dll+0x821739]
V  [jvm.dll+0x3bc481]
V  [jvm.dll+0x80a9b8]
V  [jvm.dll+0x45166e]
V  [jvm.dll+0x453261]
C  [jli.dll+0x52a3]
C  [ucrtbase.dll+0x37b0]
C  [KERNEL32.DLL+0x2e8d7]
C  [ntdll.dll+0x8c53c]


---------------  P R O C E S S  ---------------

Threads class SMR info:
_java_thread_list=0x00007ffb3da5fc08, length=0, elements={
}

Java Threads: ( => current thread )
Total: 0

Other Threads:
  0x0000022b6d4ad610 WorkerThread "GC Thread#0"                     [id=13216, stack(0x000000cfdb100000,0x000000cfdb200000) (1024K)]
  0x0000022b6d4bf420 ConcurrentGCThread "G1 Main Marker"            [id=12452, stack(0x000000cfdb200000,0x000000cfdb300000) (1024K)]
  0x0000022b6d4bff30 WorkerThread "G1 Conc#0"                       [id=12036, stack(0x000000cfdb300000,0x000000cfdb400000) (1024K)]

[error occurred during error reporting (printing all threads), id 0xc0000005, EXCEPTION_ACCESS_VIOLATION (0xc0000005) at pc=0x00007ffb3d1cb4a7]
VM state: not at safepoint (not fully initialized)

VM Mutex/Monitor currently owned by a thread:  ([mutex/lock_event])
[0x00007ffb3dad0ef0] Heap_lock - owner thread: 0x0000022b6d4464e0

Heap address: 0x0000000701e00000, size: 4066 MB, Compressed Oops mode: Zero based, Oop shift amount: 3

CDS archive(s) mapped at: [0x0000000000000000-0x0000000000000000-0x0000000000000000), size 0, SharedBaseAddress: 0x0000000800000000, ArchiveRelocationMode: 1.
Narrow klass base: 0x0000000000000000, Narrow klass shift: 0, Narrow klass range: 0x0

GC Precious Log:
 CardTable entry size: 512
 Card Set container configuration: InlinePtr #cards 4 size 8 Array Of Cards #cards 16 size 48 Howl #buckets 8 coarsen threshold 3686 Howl Bitmap #cards 512 size 80 coarsen threshold 460 Card regions per heap region 1 cards per card region 4096

Heap:
 garbage-first heap   total 0K, used 0K [0x0000000701e00000, 0x0000000800000000)
  region size 2048K, 0 young (0K), 0 survivors (0K)

[error occurred during error reporting (printing heap information), id 0xc0000005, EXCEPTION_ACCESS_VIOLATION (0xc0000005) at pc=0x00007ffb3d5b4ff9]
GC Heap History (0 events):
No events

Dll operation events (1 events):
Event: 0.013 Loaded shared library C:\Program Files\Java\jdk-21\bin\java.dll

Deoptimization events (0 events):
No events

Classes loaded (0 events):
No events

Classes unloaded (0 events):
No events

Classes redefined (0 events):
No events

Internal exceptions (0 events):
No events

ZGC Phase Switch (0 events):
No events

VM Operations (0 events):
No events

Events (0 events):
No events


Dynamic libraries:
0x00007ff6fcb60000 - 0x00007ff6fcb70000 	C:\Program Files\Java\jdk-21\bin\java.EXE
0x00007ffba7900000 - 0x00007ffba7b68000 	C:\WINDOWS\SYSTEM32\ntdll.dll
0x00007ffba6b50000 - 0x00007ffba6c19000 	C:\WINDOWS\System32\KERNEL32.DLL
0x00007ffba5120000 - 0x00007ffba5518000 	C:\WINDOWS\System32\KERNELBASE.dll
0x00007ffba4fd0000 - 0x00007ffba511b000 	C:\WINDOWS\System32\ucrtbase.dll
0x00007ffb7ea50000 - 0x00007ffb7ea6b000 	C:\Program Files\Java\jdk-21\bin\VCRUNTIME140.dll
0x00007ffb928f0000 - 0x00007ffb92909000 	C:\Program Files\Java\jdk-21\bin\jli.dll
0x00007ffba5730000 - 0x00007ffba57e4000 	C:\WINDOWS\System32\ADVAPI32.dll
0x00007ffba57f0000 - 0x00007ffba5899000 	C:\WINDOWS\System32\msvcrt.dll
0x00007ffba59e0000 - 0x00007ffba5a86000 	C:\WINDOWS\System32\sechost.dll
0x00007ffba5a90000 - 0x00007ffba5ba8000 	C:\WINDOWS\System32\RPCRT4.dll
0x00007ffba76f0000 - 0x00007ffba78b7000 	C:\WINDOWS\System32\USER32.dll
0x00007ffba4b00000 - 0x00007ffba4b27000 	C:\WINDOWS\System32\win32u.dll
0x00007ffb93480000 - 0x00007ffb93714000 	C:\WINDOWS\WinSxS\amd64_microsoft.windows.common-controls_6595b64144ccf1df_6.0.26100.7019_none_3e06ffa0e335b8a8\COMCTL32.dll
0x00007ffba5be0000 - 0x00007ffba5c0b000 	C:\WINDOWS\System32\GDI32.dll
0x00007ffba4ea0000 - 0x00007ffba4fcc000 	C:\WINDOWS\System32\gdi32full.dll
0x00007ffba4a50000 - 0x00007ffba4af3000 	C:\WINDOWS\System32\msvcp_win.dll
0x00007ffb9d370000 - 0x00007ffb9d37b000 	C:\WINDOWS\SYSTEM32\VERSION.dll
0x00007ffba58a0000 - 0x00007ffba58d1000 	C:\WINDOWS\System32\IMM32.DLL
0x00007ffb928e0000 - 0x00007ffb928ec000 	C:\Program Files\Java\jdk-21\bin\vcruntime140_1.dll
0x00007ffb70950000 - 0x00007ffb709de000 	C:\Program Files\Java\jdk-21\bin\msvcp140.dll
0x00007ffb3ce90000 - 0x00007ffb3dbad000 	C:\Program Files\Java\jdk-21\bin\server\jvm.dll
0x00007ffba61d0000 - 0x00007ffba6244000 	C:\WINDOWS\System32\WS2_32.dll
0x00007ffba48d0000 - 0x00007ffba492e000 	C:\WINDOWS\SYSTEM32\POWRPROF.dll
0x00007ffb97340000 - 0x00007ffb97375000 	C:\WINDOWS\SYSTEM32\WINMM.dll
0x00007ffba48b0000 - 0x00007ffba48c4000 	C:\WINDOWS\SYSTEM32\UMPDC.dll
0x00007ffba37d0000 - 0x00007ffba37eb000 	C:\WINDOWS\SYSTEM32\kernel.appcore.dll
0x00007ffb80be0000 - 0x00007ffb80bea000 	C:\Program Files\Java\jdk-21\bin\jimage.dll
0x00007ffb9b160000 - 0x00007ffb9b3a2000 	C:\WINDOWS\SYSTEM32\DBGHELP.DLL
0x00007ffba6f20000 - 0x00007ffba72ab000 	C:\WINDOWS\System32\combase.dll
0x00007ffba60f0000 - 0x00007ffba61c7000 	C:\WINDOWS\System32\OLEAUT32.dll
0x00007ffb93ab0000 - 0x00007ffb93aec000 	C:\WINDOWS\SYSTEM32\dbgcore.DLL
0x00007ffba4df0000 - 0x00007ffba4e95000 	C:\WINDOWS\System32\bcryptPrimitives.dll
0x00007ffb763a0000 - 0x00007ffb763af000 	C:\Program Files\Java\jdk-21\bin\instrument.dll
0x00007ffb7a260000 - 0x00007ffb7a27f000 	C:\Program Files\Java\jdk-21\bin\java.dll
0x00007ffb752a0000 - 0x00007ffb752dc000 	C:\Program Files\Java\jdk-21\bin\jdwp.dll

dbghelp: loaded successfully - version: 4.0.5 - missing functions: none
symbol engine: initialized successfully - sym options: 0x614 - pdb path: .;C:\Program Files\Java\jdk-21\bin;C:\WINDOWS\SYSTEM32;C:\WINDOWS\WinSxS\amd64_microsoft.windows.common-controls_6595b64144ccf1df_6.0.26100.7019_none_3e06ffa0e335b8a8;C:\Program Files\Java\jdk-21\bin\server

VM Arguments:
jvm_args: -Dquarkus-internal.serialized-app-model.path=C:\Users\Everton\IdeaProjects\challenge\code-with-quarkus (1)\code-with-quarkus\target\quarkus\bootstrap\dev-app-model.dat -javaagent:C:\Users\Everton\.m2\repository\io\quarkus\quarkus-class-change-agent\3.11.0\quarkus-class-change-agent-3.11.0.jar -XX:TieredStopAtLevel=1 -agentlib:jdwp=transport=dt_socket,address=localhost:5005,server=y,suspend=n -Djava.util.logging.manager=org.jboss.logmanager.LogManager 
java_command: C:\Users\Everton\IdeaProjects\challenge\code-with-quarkus (1)\code-with-quarkus\target\invest-simulator-dev.jar
java_class_path (initial): C:\Users\Everton\IdeaProjects\challenge\code-with-quarkus (1)\code-with-quarkus\target\invest-simulator-dev.jar
Launcher Type: SUN_STANDARD

[Global flags]
     intx CICompilerCount                          = 3                                         {product} {ergonomic}
     uint ConcGCThreads                            = 2                                         {product} {ergonomic}
     uint G1ConcRefinementThreads                  = 6                                         {product} {ergonomic}
   size_t G1HeapRegionSize                         = 2097152                                   {product} {ergonomic}
    uintx GCDrainStackTargetSize                   = 64                                        {product} {ergonomic}
   size_t InitialHeapSize                          = 268435456                                 {product} {ergonomic}
   size_t MarkStackSize                            = 4194304                                   {product} {ergonomic}
   size_t MaxHeapSize                              = 4263510016                                {product} {ergonomic}
   size_t MinHeapDeltaBytes                        = 2097152                                   {product} {ergonomic}
   size_t MinHeapSize                              = 8388608                                   {product} {ergonomic}
    uintx NonNMethodCodeHeapSize                   = 4096                                   {pd product} {ergonomic}
    uintx NonProfiledCodeHeapSize                  = 0                                      {pd product} {ergonomic}
     bool ProfileInterpreter                       = false                                  {pd product} {command line}
    uintx ProfiledCodeHeapSize                     = 0                                      {pd product} {ergonomic}
   size_t SoftMaxHeapSize                          = 4263510016                             {manageable} {ergonomic}
     intx TieredStopAtLevel                        = 1                                         {product} {command line}
     bool UseCompressedOops                        = true                           {product lp64_product} {ergonomic}
     bool UseG1GC                                  = true                                      {product} {ergonomic}
     bool UseLargePagesIndividualAllocation        = false                                  {pd product} {ergonomic}

Logging:
Log output configuration:
 #0: stdout all=warning uptime,level,tags foldmultilines=false
 #1: stderr all=off uptime,level,tags foldmultilines=false

Environment Variables:
JAVA_HOME=C:\Program Files\Java\jdk-21
PATH=C:\Program Files\Eclipse Adoptium\jdk-21.0.9.10-hotspot\bin;C:\Program Files\Common Files\Oracle\Java\javapath;C:\Program Files (x86)\NVIDIA Corporation\PhysX\Common;C:\Program Files (x86)\Common Files\Oracle\Java\javapath;C:\WINDOWS\system32;C:\WINDOWS;C:\WINDOWS\System32\Wbem;C:\WINDOWS\System32\WindowsPowerShell\v1.0\;C:\WINDOWS\System32\OpenSSH\;C:\Program Files\apache-maven-3.9.10\bin;C:\Program Files\Java\jdk-21\bin;C:\Program Files\Git\cmd;C:\Program Files\Docker\Docker\resources\bin;C:\Users\Everton\AppData\Local\Programs\Python\Launcher\;C:\Program Files\MySQL\MySQL Shell 8.0\bin\;C:\Users\Everton\AppData\Local\Microsoft\WindowsApps;C:\Users\Everton\AppData\Local\Programs\Microsoft VS Code\bin;
USERNAME=Everton
OS=Windows_NT
PROCESSOR_IDENTIFIER=Intel64 Family 6 Model 158 Stepping 13, GenuineIntel
TMP=C:\Users\Everton\AppData\Local\Temp
TEMP=C:\Users\Everton\AppData\Local\Temp




Periodic native trim disabled

---------------  S Y S T E M  ---------------

OS:
 Windows 11 , 64 bit Build 26100 (10.0.26100.7019)
OS uptime: 0 days 0:57 hours
Hyper-V role detected

CPU: total 6 (initial active 6) (6 cores per cpu, 1 threads per core) family 6 model 158 stepping 13 microcode 0xde, cx8, cmov, fxsr, mmx, 3dnowpref, sse, sse2, sse3, ssse3, sse4.1, sse4.2, popcnt, lzcnt, tsc, tscinvbit, avx, avx2, aes, erms, clmul, bmi1, bmi2, adx, fma, vzeroupper, clflush, clflushopt, hv, rdtscp, f16c
Processor Information for all 6 processors :
  Max Mhz: 3696, Current Mhz: 3696, Mhz Limit: 3696

Memory: 4k page, system-wide physical 16256M (5470M free)
TotalPageFile size 31256M (AvailPageFile size 166M)
current process WorkingSet (physical memory assigned to process): 13M, peak: 13M
current process commit charge ("private bytes"): 51M, peak: 307M

vm_info: Java HotSpot(TM) 64-Bit Server VM (21.0.9+7-LTS-338) for windows-amd64 JRE (21.0.9+7-LTS-338), built on 2025-09-26T06:33:49Z by "mach5run" with MS VC++ 17.6 (VS2022)

END.
